2021-08-02 11:44:06,791  INFO: 主引擎创建成功
2021-08-02 11:44:06,792  INFO: 注册日志事件监听
2021-08-02 11:44:06,796  INFO: REST API启动成功
2021-08-02 11:44:06,797  INFO: 连接BINANCES接口
2021-08-02 11:44:08,125  INFO: 合约信息查询成功
2021-08-02 11:44:16,826  INFO: CTA策略引擎初始化成功
2021-08-02 11:44:16,827  INFO: CTA策略初始化完成
2021-08-02 11:45:22,651  INFO: 主引擎创建成功
2021-08-02 11:45:22,651  INFO: 注册日志事件监听
2021-08-02 11:45:22,655  INFO: REST API启动成功
2021-08-02 11:45:22,656  INFO: 连接BINANCES接口
2021-08-02 11:45:24,065  INFO: 合约信息查询成功
2021-08-02 11:45:32,671  INFO: CTA策略引擎初始化成功
2021-08-02 11:45:32,672  INFO: CTA策略初始化完成
2021-08-02 11:46:32,678  INFO: CTA策略全部初始化
2021-08-02 11:46:32,678  INFO: CTA策略全部启动
2021-08-02 11:47:18,373  INFO: 主引擎创建成功
2021-08-02 11:47:18,373  INFO: 注册日志事件监听
2021-08-02 11:47:18,374  INFO: 找不到底层接口：BINANCES
2021-08-02 11:47:18,374  INFO: 连接BINANCES接口
2021-08-02 11:47:28,388  INFO: CTA策略引擎初始化成功
2021-08-02 11:47:28,388  INFO: CTA策略初始化完成
2021-08-02 11:48:28,402  INFO: CTA策略全部初始化
2021-08-02 11:48:28,403  INFO: CTA策略全部启动
2021-08-02 11:49:19,065  INFO: 主引擎创建成功
2021-08-02 11:49:19,066  INFO: 注册日志事件监听
2021-08-02 11:49:51,971  INFO: 主引擎创建成功
2021-08-02 11:49:51,972  INFO: 注册日志事件监听
2021-08-02 11:59:18,154  INFO: 主引擎创建成功
2021-08-02 11:59:18,155  INFO: 注册日志事件监听
2021-08-02 11:59:42,901  INFO: 主引擎创建成功
2021-08-02 11:59:42,901  INFO: 注册日志事件监听
2021-08-02 12:02:13,370  INFO: 主引擎创建成功
2021-08-02 12:02:13,370  INFO: 注册日志事件监听
2021-08-02 12:03:48,316  INFO: 主引擎创建成功
2021-08-02 12:03:48,317  INFO: 注册日志事件监听
2021-08-02 12:03:48,320  INFO: REST API启动成功
2021-08-02 12:03:48,321  INFO: 连接BINANCES接口
2021-08-02 12:03:49,600  INFO: 合约信息查询成功
2021-08-02 12:03:58,333  INFO: CTA策略引擎初始化成功
2021-08-02 12:03:58,333  INFO: CTA策略初始化完成
2021-08-02 12:04:58,340  INFO: CTA策略全部初始化
2021-08-02 12:04:58,341  INFO: CTA策略全部启动
2021-08-02 13:02:55,283  INFO: 主引擎创建成功
2021-08-02 13:02:55,283  INFO: 注册日志事件监听
2021-08-02 13:02:55,285  INFO: REST API启动成功
2021-08-02 13:02:55,285  INFO: 连接BINANCES接口
2021-08-02 13:02:55,779  INFO: 账户资金查询成功
2021-08-02 13:02:55,955  INFO: 委托信息查询成功
2021-08-02 13:02:56,675  INFO: 合约信息查询成功
2021-08-02 13:02:57,810  INFO: 交易Websocket API连接成功
2021-08-02 13:03:05,306  INFO: CTA策略引擎初始化成功
2021-08-02 13:03:05,306  INFO: CTA策略初始化完成
2021-08-02 13:03:34,679  INFO: 主引擎创建成功
2021-08-02 13:03:34,680  INFO: 注册日志事件监听
2021-08-02 13:03:34,683  INFO: REST API启动成功
2021-08-02 13:03:34,683  INFO: 连接BINANCE接口
2021-08-02 13:03:35,119  INFO: 账户资金查询成功
2021-08-02 13:03:35,296  INFO: 委托信息查询成功
2021-08-02 13:03:35,706  INFO: 合约信息查询成功
2021-08-02 13:03:36,823  INFO: 交易Websocket API连接成功
2021-08-02 13:03:44,691  INFO: CTA策略引擎初始化成功
2021-08-02 13:03:44,692  INFO: CTA策略初始化完成
2021-08-02 13:04:44,696  INFO: CTA策略全部初始化
2021-08-02 13:04:44,697  INFO: CTA策略全部启动
2021-08-02 13:05:36,284  INFO: 账户资金查询成功
2021-08-02 13:07:36,720  INFO: 账户资金查询成功
2021-08-02 13:09:37,535  INFO: 账户资金查询成功
2021-08-02 13:11:38,277  INFO: 账户资金查询成功
2021-08-02 13:13:39,015  INFO: 账户资金查询成功
2021-08-02 13:15:39,882  INFO: 账户资金查询成功
2021-08-02 13:17:40,810  INFO: 账户资金查询成功
2021-08-02 13:19:41,779  INFO: 账户资金查询成功
2021-08-02 13:21:42,703  INFO: 账户资金查询成功
2021-08-02 13:23:43,648  INFO: 账户资金查询成功
2021-08-02 13:25:44,557  INFO: 账户资金查询成功
2021-08-02 13:27:45,513  INFO: 账户资金查询成功
2021-08-02 13:29:46,279  INFO: 账户资金查询成功
2021-08-02 13:31:47,607  INFO: 账户资金查询成功
